android/app/build/intermediates/manifest_merge_blame_file/release/manifest-merger-blame-release-report.txt
1<?xml version="1.0" encoding="utf-8"?>
2<manifest xmlns:android="http://schemas.android.com/apk/res/android"
3    package="com.coffee.app"
4    android:versionCode="1"
5    android:versionName="1.0.0" >
6
7    <uses-sdk
8        android:minSdkVersion="23"
8-->src/main/AndroidManifest.xml
9        android:targetSdkVersion="34" />
9-->src/main/AndroidManifest.xml
10    <!--
11         Required to query activities that can process text, see:
12         https://developer.android.com/training/package-visibility and
13         https://developer.android.com/reference/android/content/Intent#ACTION_PROCESS_TEXT.
14
15         In particular, this is used by the Flutter engine in io.flutter.plugin.text.ProcessTextPlugin.
16    -->
17    <queries>
17-->src/main/AndroidManifest.xml:39:5-44:15
18        <intent>
18-->src/main/AndroidManifest.xml:40:9-43:18
19            <action android:name="android.intent.action.PROCESS_TEXT" />
19-->src/main/AndroidManifest.xml:41:13-72
19-->src/main/AndroidManifest.xml:41:21-70
20
21            <data android:mimeType="text/plain" />
21-->src/main/AndroidManifest.xml:42:13-50
21-->src/main/AndroidManifest.xml:42:19-48
22        </intent>
23
24        <package android:name="com.google.android.apps.maps" />
24-->[:map_launcher] AndroidManifest.xml:10:9-64
24-->[:map_launcher] AndroidManifest.xml:10:18-61
25        <package android:name="com.google.android.apps.mapslite" />
25-->[:map_launcher] AndroidManifest.xml:11:9-68
25-->[:map_launcher] AndroidManifest.xml:11:18-65
26        <package android:name="com.autonavi.minimap" />
26-->[:map_launcher] AndroidManifest.xml:12:9-56
26-->[:map_launcher] AndroidManifest.xml:12:18-53
27        <package android:name="com.baidu.BaiduMap" />
27-->[:map_launcher] AndroidManifest.xml:13:9-54
27-->[:map_launcher] AndroidManifest.xml:13:18-51
28        <package android:name="com.waze" />
28-->[:map_launcher] AndroidManifest.xml:14:9-44
28-->[:map_launcher] AndroidManifest.xml:14:18-41
29        <package android:name="ru.yandex.yandexnavi" />
29-->[:map_launcher] AndroidManifest.xml:15:9-56
29-->[:map_launcher] AndroidManifest.xml:15:18-53
30        <package android:name="ru.yandex.yandexmaps" />
30-->[:map_launcher] AndroidManifest.xml:16:9-56
30-->[:map_launcher] AndroidManifest.xml:16:18-53
31        <package android:name="com.citymapper.app.release" />
31-->[:map_launcher] AndroidManifest.xml:17:9-62
31-->[:map_launcher] AndroidManifest.xml:17:18-59
32        <package android:name="com.mapswithme.maps.pro" />
32-->[:map_launcher] AndroidManifest.xml:18:9-59
32-->[:map_launcher] AndroidManifest.xml:18:18-56
33        <package android:name="net.osmand" />
33-->[:map_launcher] AndroidManifest.xml:19:9-46
33-->[:map_launcher] AndroidManifest.xml:19:18-43
34        <package android:name="net.osmand.plus" />
34-->[:map_launcher] AndroidManifest.xml:20:9-51
34-->[:map_launcher] AndroidManifest.xml:20:18-48
35        <package android:name="ru.dublgis.dgismobile" />
35-->[:map_launcher] AndroidManifest.xml:21:9-57
35-->[:map_launcher] AndroidManifest.xml:21:18-54
36        <package android:name="com.tencent.map" />
36-->[:map_launcher] AndroidManifest.xml:22:9-51
36-->[:map_launcher] AndroidManifest.xml:22:18-48
37        <package android:name="com.here.app.maps" />
37-->[:map_launcher] AndroidManifest.xml:23:9-53
37-->[:map_launcher] AndroidManifest.xml:23:18-50
38        <package android:name="com.huawei.maps.app" />
38-->[:map_launcher] AndroidManifest.xml:24:9-55
38-->[:map_launcher] AndroidManifest.xml:24:18-52
39        <package android:name="com.alk.copilot.mapviewer" />
39-->[:map_launcher] AndroidManifest.xml:25:9-61
39-->[:map_launcher] AndroidManifest.xml:25:18-58
40        <package android:name="com.tomtom.gplay.navapp" />
40-->[:map_launcher] AndroidManifest.xml:26:9-59
40-->[:map_launcher] AndroidManifest.xml:26:18-56
41        <package android:name="com.tomtom.gplay.navapp.gofleet" />
41-->[:map_launcher] AndroidManifest.xml:27:9-67
41-->[:map_launcher] AndroidManifest.xml:27:18-64
42        <package android:name="com.sygic.truck" />
42-->[:map_launcher] AndroidManifest.xml:28:9-51
42-->[:map_launcher] AndroidManifest.xml:28:18-48
43        <package android:name="nl.flitsmeister" />
43-->[:map_launcher] AndroidManifest.xml:29:9-51
43-->[:map_launcher] AndroidManifest.xml:29:18-48
44        <package android:name="nl.flitsmeister.flux" />
44-->[:map_launcher] AndroidManifest.xml:30:9-56
44-->[:map_launcher] AndroidManifest.xml:30:18-53
45        <package android:name="com.nhn.android.nmap" />
45-->[:map_launcher] AndroidManifest.xml:31:9-56
45-->[:map_launcher] AndroidManifest.xml:31:18-53
46        <package android:name="net.daum.android.map" />
46-->[:map_launcher] AndroidManifest.xml:32:9-56
46-->[:map_launcher] AndroidManifest.xml:32:18-53
47        <package android:name="com.skt.tmap.ku" />
47-->[:map_launcher] AndroidManifest.xml:33:9-51
47-->[:map_launcher] AndroidManifest.xml:33:18-48
48        <package android:name="cz.seznam.mapy" />
48-->[:map_launcher] AndroidManifest.xml:34:9-50
48-->[:map_launcher] AndroidManifest.xml:34:18-47
49        <package android:name="com.mmi.maps" />
49-->[:map_launcher] AndroidManifest.xml:35:9-48
49-->[:map_launcher] AndroidManifest.xml:35:18-45
50    </queries>
51
52    <uses-permission android:name="android.permission.INTERNET" />
52-->[com.google.firebase:firebase-auth:23.0.0] AndroidManifest.xml:25:5-67
52-->[com.google.firebase:firebase-auth:23.0.0] AndroidManifest.xml:25:22-64
53    <uses-permission android:name="android.permission.ACCESS_NETWORK_STATE" />
53-->[com.google.firebase:firebase-auth:23.0.0] AndroidManifest.xml:26:5-79
53-->[com.google.firebase:firebase-auth:23.0.0] AndroidManifest.xml:26:22-76
54    <uses-permission android:name="com.google.android.providers.gsf.permission.READ_GSERVICES" />
54-->[com.google.android.recaptcha:recaptcha:18.4.0] AndroidManifest.xml:9:5-98
54-->[com.google.android.recaptcha:recaptcha:18.4.0] AndroidManifest.xml:9:22-95
55
56    <permission
56-->[androidx.core:core:1.13.1] AndroidManifest.xml:22:5-24:47
57        android:name="com.coffee.app.DYNAMIC_RECEIVER_NOT_EXPORTED_PERMISSION"
57-->[androidx.core:core:1.13.1] AndroidManifest.xml:23:9-81
58        android:protectionLevel="signature" />
58-->[androidx.core:core:1.13.1] AndroidManifest.xml:24:9-44
59
60    <uses-permission android:name="com.coffee.app.DYNAMIC_RECEIVER_NOT_EXPORTED_PERMISSION" />
60-->[androidx.core:core:1.13.1] AndroidManifest.xml:26:5-97
60-->[androidx.core:core:1.13.1] AndroidManifest.xml:26:22-94
61
62    <application
63        android:name="android.app.Application"
63-->src/main/AndroidManifest.xml:4:9-42
64        android:appComponentFactory="androidx.core.app.CoreComponentFactory"
64-->[androidx.core:core:1.13.1] AndroidManifest.xml:28:18-86
65        android:extractNativeLibs="false"
66        android:icon="@mipmap/ic_launcher"
66-->src/main/AndroidManifest.xml:5:9-43
67        android:label="myapp" >
67-->src/main/AndroidManifest.xml:3:9-30
68        <activity
68-->src/main/AndroidManifest.xml:6:9-27:20
69            android:name="com.coffee.app.MainActivity"
69-->src/main/AndroidManifest.xml:7:13-41
70            android:configChanges="orientation|keyboardHidden|keyboard|screenSize|smallestScreenSize|locale|layoutDirection|fontScale|screenLayout|density|uiMode"
70-->src/main/AndroidManifest.xml:12:13-163
71            android:exported="true"
71-->src/main/AndroidManifest.xml:8:13-36
72            android:hardwareAccelerated="true"
72-->src/main/AndroidManifest.xml:13:13-47
73            android:launchMode="singleTop"
73-->src/main/AndroidManifest.xml:9:13-43
74            android:taskAffinity=""
74-->src/main/AndroidManifest.xml:10:13-36
75            android:theme="@style/LaunchTheme"
75-->src/main/AndroidManifest.xml:11:13-47
76            android:windowSoftInputMode="adjustResize" >
76-->src/main/AndroidManifest.xml:14:13-55
77
78            <!--
79                 Specifies an Android theme to apply to this Activity as soon as
80                 the Android process has started. This theme is visible to the user
81                 while the Flutter UI initializes. After that, this theme continues
82                 to determine the Window background behind the Flutter UI.
83            -->
84            <meta-data
84-->src/main/AndroidManifest.xml:19:13-22:17
85                android:name="io.flutter.embedding.android.NormalTheme"
85-->src/main/AndroidManifest.xml:20:15-70
86                android:resource="@style/NormalTheme" />
86-->src/main/AndroidManifest.xml:21:15-52
87
88            <intent-filter>
88-->src/main/AndroidManifest.xml:23:13-26:29
89                <action android:name="android.intent.action.MAIN" />
89-->src/main/AndroidManifest.xml:24:17-68
89-->src/main/AndroidManifest.xml:24:25-66
90
91                <category android:name="android.intent.category.LAUNCHER" />
91-->src/main/AndroidManifest.xml:25:17-76
91-->src/main/AndroidManifest.xml:25:27-74
92            </intent-filter>
93        </activity>
94        <!--
95             Don't delete the meta-data below.
96             This is used by the Flutter tool to generate GeneratedPluginRegistrant.java
97        -->
98        <meta-data
98-->src/main/AndroidManifest.xml:30:9-32:33
99            android:name="flutterEmbedding"
99-->src/main/AndroidManifest.xml:31:13-44
100            android:value="2" />
100-->src/main/AndroidManifest.xml:32:13-30
101
102        <service
102-->[:firebase_auth] AndroidManifest.xml:10:9-14:19
103            android:name="com.google.firebase.components.ComponentDiscoveryService"
103-->[:firebase_auth] AndroidManifest.xml:10:18-89
104            android:directBootAware="true"
104-->[com.google.firebase:firebase-common:21.0.0] AndroidManifest.xml:32:13-43
105            android:exported="false" >
105-->[com.google.firebase:firebase-auth:23.0.0] AndroidManifest.xml:68:13-37
106            <meta-data
106-->[:firebase_auth] AndroidManifest.xml:11:13-13:85
107                android:name="com.google.firebase.components:io.flutter.plugins.firebase.auth.FlutterFirebaseAuthRegistrar"
107-->[:firebase_auth] AndroidManifest.xml:12:17-124
108                android:value="com.google.firebase.components.ComponentRegistrar" />
108-->[:firebase_auth] AndroidManifest.xml:13:17-82
109            <meta-data
109-->[:firebase_core] AndroidManifest.xml:11:13-13:85
110                android:name="com.google.firebase.components:io.flutter.plugins.firebase.core.FlutterFirebaseCoreRegistrar"
110-->[:firebase_core] AndroidManifest.xml:12:17-124
111                android:value="com.google.firebase.components.ComponentRegistrar" />
111-->[:firebase_core] AndroidManifest.xml:13:17-82
112            <meta-data
112-->[com.google.firebase:firebase-auth:23.0.0] AndroidManifest.xml:69:13-71:85
113                android:name="com.google.firebase.components:com.google.firebase.auth.FirebaseAuthRegistrar"
113-->[com.google.firebase:firebase-auth:23.0.0] AndroidManifest.xml:70:17-109
114                android:value="com.google.firebase.components.ComponentRegistrar" />
114-->[com.google.firebase:firebase-auth:23.0.0] AndroidManifest.xml:71:17-82
115            <meta-data
115-->[com.google.firebase:firebase-common-ktx:21.0.0] AndroidManifest.xml:12:13-14:85
116                android:name="com.google.firebase.components:com.google.firebase.ktx.FirebaseCommonLegacyRegistrar"
116-->[com.google.firebase:firebase-common-ktx:21.0.0] AndroidManifest.xml:13:17-116
117                android:value="com.google.firebase.components.ComponentRegistrar" />
117-->[com.google.firebase:firebase-common-ktx:21.0.0] AndroidManifest.xml:14:17-82
118            <meta-data
118-->[com.google.firebase:firebase-common:21.0.0] AndroidManifest.xml:35:13-37:85
119                android:name="com.google.firebase.components:com.google.firebase.FirebaseCommonKtxRegistrar"
119-->[com.google.firebase:firebase-common:21.0.0] AndroidManifest.xml:36:17-109
120                android:value="com.google.firebase.components.ComponentRegistrar" />
120-->[com.google.firebase:firebase-common:21.0.0] AndroidManifest.xml:37:17-82
121        </service>
122
123        <activity
123-->[com.google.firebase:firebase-auth:23.0.0] AndroidManifest.xml:29:9-46:20
124            android:name="com.google.firebase.auth.internal.GenericIdpActivity"
124-->[com.google.firebase:firebase-auth:23.0.0] AndroidManifest.xml:30:13-80
125            android:excludeFromRecents="true"
125-->[com.google.firebase:firebase-auth:23.0.0] AndroidManifest.xml:31:13-46
126            android:exported="true"
126-->[com.google.firebase:firebase-auth:23.0.0] AndroidManifest.xml:32:13-36
127            android:launchMode="singleTask"
127-->[com.google.firebase:firebase-auth:23.0.0] AndroidManifest.xml:33:13-44
128            android:theme="@android:style/Theme.Translucent.NoTitleBar" >
128-->[com.google.firebase:firebase-auth:23.0.0] AndroidManifest.xml:34:13-72
129            <intent-filter>
129-->[com.google.firebase:firebase-auth:23.0.0] AndroidManifest.xml:35:13-45:29
130                <action android:name="android.intent.action.VIEW" />
130-->[com.google.firebase:firebase-auth:23.0.0] AndroidManifest.xml:36:17-69
130-->[com.google.firebase:firebase-auth:23.0.0] AndroidManifest.xml:36:25-66
131
132                <category android:name="android.intent.category.DEFAULT" />
132-->[com.google.firebase:firebase-auth:23.0.0] AndroidManifest.xml:38:17-76
132-->[com.google.firebase:firebase-auth:23.0.0] AndroidManifest.xml:38:27-73
133                <category android:name="android.intent.category.BROWSABLE" />
133-->[com.google.firebase:firebase-auth:23.0.0] AndroidManifest.xml:39:17-78
133-->[com.google.firebase:firebase-auth:23.0.0] AndroidManifest.xml:39:27-75
134
135                <data
135-->src/main/AndroidManifest.xml:42:13-50
136                    android:host="firebase.auth"
137                    android:path="/"
138                    android:scheme="genericidp" />
139            </intent-filter>
140        </activity>
141        <activity
141-->[com.google.firebase:firebase-auth:23.0.0] AndroidManifest.xml:47:9-64:20
142            android:name="com.google.firebase.auth.internal.RecaptchaActivity"
142-->[com.google.firebase:firebase-auth:23.0.0] AndroidManifest.xml:48:13-79
143            android:excludeFromRecents="true"
143-->[com.google.firebase:firebase-auth:23.0.0] AndroidManifest.xml:49:13-46
144            android:exported="true"
144-->[com.google.firebase:firebase-auth:23.0.0] AndroidManifest.xml:50:13-36
145            android:launchMode="singleTask"
145-->[com.google.firebase:firebase-auth:23.0.0] AndroidManifest.xml:51:13-44
146            android:theme="@android:style/Theme.Translucent.NoTitleBar" >
146-->[com.google.firebase:firebase-auth:23.0.0] AndroidManifest.xml:52:13-72
147            <intent-filter>
147-->[com.google.firebase:firebase-auth:23.0.0] AndroidManifest.xml:53:13-63:29
148                <action android:name="android.intent.action.VIEW" />
148-->[com.google.firebase:firebase-auth:23.0.0] AndroidManifest.xml:36:17-69
148-->[com.google.firebase:firebase-auth:23.0.0] AndroidManifest.xml:36:25-66
149
150                <category android:name="android.intent.category.DEFAULT" />
150-->[com.google.firebase:firebase-auth:23.0.0] AndroidManifest.xml:38:17-76
150-->[com.google.firebase:firebase-auth:23.0.0] AndroidManifest.xml:38:27-73
151                <category android:name="android.intent.category.BROWSABLE" />
151-->[com.google.firebase:firebase-auth:23.0.0] AndroidManifest.xml:39:17-78
151-->[com.google.firebase:firebase-auth:23.0.0] AndroidManifest.xml:39:27-75
152
153                <data
153-->src/main/AndroidManifest.xml:42:13-50
154                    android:host="firebase.auth"
155                    android:path="/"
156                    android:scheme="recaptcha" />
157            </intent-filter>
158        </activity>
159
160        <service
160-->[androidx.credentials:credentials-play-services-auth:1.2.0-rc01] AndroidManifest.xml:24:9-32:19
161            android:name="androidx.credentials.playservices.CredentialProviderMetadataHolder"
161-->[androidx.credentials:credentials-play-services-auth:1.2.0-rc01] AndroidManifest.xml:25:13-94
162            android:enabled="true"
162-->[androidx.credentials:credentials-play-services-auth:1.2.0-rc01] AndroidManifest.xml:26:13-35
163            android:exported="false" >
163-->[androidx.credentials:credentials-play-services-auth:1.2.0-rc01] AndroidManifest.xml:27:13-37
164            <meta-data
164-->[androidx.credentials:credentials-play-services-auth:1.2.0-rc01] AndroidManifest.xml:29:13-31:104
165                android:name="androidx.credentials.CREDENTIAL_PROVIDER_KEY"
165-->[androidx.credentials:credentials-play-services-auth:1.2.0-rc01] AndroidManifest.xml:30:17-76
166                android:value="androidx.credentials.playservices.CredentialProviderPlayServicesImpl" />
166-->[androidx.credentials:credentials-play-services-auth:1.2.0-rc01] AndroidManifest.xml:31:17-101
167        </service>
168
169        <activity
169-->[androidx.credentials:credentials-play-services-auth:1.2.0-rc01] AndroidManifest.xml:34:9-41:20
170            android:name="androidx.credentials.playservices.HiddenActivity"
170-->[androidx.credentials:credentials-play-services-auth:1.2.0-rc01] AndroidManifest.xml:35:13-76
171            android:configChanges="orientation|screenSize|screenLayout|keyboardHidden"
171-->[androidx.credentials:credentials-play-services-auth:1.2.0-rc01] AndroidManifest.xml:36:13-87
172            android:enabled="true"
172-->[androidx.credentials:credentials-play-services-auth:1.2.0-rc01] AndroidManifest.xml:37:13-35
173            android:exported="false"
173-->[androidx.credentials:credentials-play-services-auth:1.2.0-rc01] AndroidManifest.xml:38:13-37
174            android:fitsSystemWindows="true"
174-->[androidx.credentials:credentials-play-services-auth:1.2.0-rc01] AndroidManifest.xml:39:13-45
175            android:theme="@style/Theme.Hidden" >
175-->[androidx.credentials:credentials-play-services-auth:1.2.0-rc01] AndroidManifest.xml:40:13-48
176        </activity>
177
178        <provider
178-->[com.google.firebase:firebase-common:21.0.0] AndroidManifest.xml:23:9-28:39
179            android:name="com.google.firebase.provider.FirebaseInitProvider"
179-->[com.google.firebase:firebase-common:21.0.0] AndroidManifest.xml:24:13-77
180            android:authorities="com.coffee.app.firebaseinitprovider"
180-->[com.google.firebase:firebase-common:21.0.0] AndroidManifest.xml:25:13-72
181            android:directBootAware="true"
181-->[com.google.firebase:firebase-common:21.0.0] AndroidManifest.xml:26:13-43
182            android:exported="false"
182-->[com.google.firebase:firebase-common:21.0.0] AndroidManifest.xml:27:13-37
183            android:initOrder="100" />
183-->[com.google.firebase:firebase-common:21.0.0] AndroidManifest.xml:28:13-36
184
185        <activity
185-->[com.google.android.gms:play-services-auth:20.7.0] AndroidManifest.xml:23:9-27:75
186            android:name="com.google.android.gms.auth.api.signin.internal.SignInHubActivity"
186-->[com.google.android.gms:play-services-auth:20.7.0] AndroidManifest.xml:24:13-93
187            android:excludeFromRecents="true"
187-->[com.google.android.gms:play-services-auth:20.7.0] AndroidManifest.xml:25:13-46
188            android:exported="false"
188-->[com.google.android.gms:play-services-auth:20.7.0] AndroidManifest.xml:26:13-37
189            android:theme="@android:style/Theme.Translucent.NoTitleBar" />
189-->[com.google.android.gms:play-services-auth:20.7.0] AndroidManifest.xml:27:13-72
190        <!--
191            Service handling Google Sign-In user revocation. For apps that do not integrate with
192            Google Sign-In, this service will never be started.
193        -->
194        <service
194-->[com.google.android.gms:play-services-auth:20.7.0] AndroidManifest.xml:33:9-37:51
195            android:name="com.google.android.gms.auth.api.signin.RevocationBoundService"
195-->[com.google.android.gms:play-services-auth:20.7.0] AndroidManifest.xml:34:13-89
196            android:exported="true"
196-->[com.google.android.gms:play-services-auth:20.7.0] AndroidManifest.xml:35:13-36
197            android:permission="com.google.android.gms.auth.api.signin.permission.REVOCATION_NOTIFICATION"
197-->[com.google.android.gms:play-services-auth:20.7.0] AndroidManifest.xml:36:13-107
198            android:visibleToInstantApps="true" />
198-->[com.google.android.gms:play-services-auth:20.7.0] AndroidManifest.xml:37:13-48
199
200        <activity
200-->[com.google.android.gms:play-services-base:18.0.1] AndroidManifest.xml:20:9-22:45
201            android:name="com.google.android.gms.common.api.GoogleApiActivity"
201-->[com.google.android.gms:play-services-base:18.0.1] AndroidManifest.xml:20:19-85
202            android:exported="false"
202-->[com.google.android.gms:play-services-base:18.0.1] AndroidManifest.xml:22:19-43
203            android:theme="@android:style/Theme.Translucent.NoTitleBar" />
203-->[com.google.android.gms:play-services-base:18.0.1] AndroidManifest.xml:21:19-78
204
205        <uses-library
205-->[androidx.window:window:1.2.0] AndroidManifest.xml:23:9-25:40
206            android:name="androidx.window.extensions"
206-->[androidx.window:window:1.2.0] AndroidManifest.xml:24:13-54
207            android:required="false" />
207-->[androidx.window:window:1.2.0] AndroidManifest.xml:25:13-37
208        <uses-library
208-->[androidx.window:window:1.2.0] AndroidManifest.xml:26:9-28:40
209            android:name="androidx.window.sidecar"
209-->[androidx.window:window:1.2.0] AndroidManifest.xml:27:13-51
210            android:required="false" />
210-->[androidx.window:window:1.2.0] AndroidManifest.xml:28:13-37
211
212        <meta-data
212-->[com.google.android.gms:play-services-basement:18.3.0] AndroidManifest.xml:21:9-23:69
213            android:name="com.google.android.gms.version"
213-->[com.google.android.gms:play-services-basement:18.3.0] AndroidManifest.xml:22:13-58
214            android:value="@integer/google_play_services_version" />
214-->[com.google.android.gms:play-services-basement:18.3.0] AndroidManifest.xml:23:13-66
215
216        <provider
216-->[androidx.lifecycle:lifecycle-process:2.7.0] AndroidManifest.xml:24:9-32:20
217            android:name="androidx.startup.InitializationProvider"
217-->[androidx.lifecycle:lifecycle-process:2.7.0] AndroidManifest.xml:25:13-67
218            android:authorities="com.coffee.app.androidx-startup"
218-->[androidx.lifecycle:lifecycle-process:2.7.0] AndroidManifest.xml:26:13-68
219            android:exported="false" >
219-->[androidx.lifecycle:lifecycle-process:2.7.0] AndroidManifest.xml:27:13-37
220            <meta-data
220-->[androidx.lifecycle:lifecycle-process:2.7.0] AndroidManifest.xml:29:13-31:52
221                android:name="androidx.lifecycle.ProcessLifecycleInitializer"
221-->[androidx.lifecycle:lifecycle-process:2.7.0] AndroidManifest.xml:30:17-78
222                android:value="androidx.startup" />
222-->[androidx.lifecycle:lifecycle-process:2.7.0] AndroidManifest.xml:31:17-49
223            <meta-data
223-->[androidx.profileinstaller:profileinstaller:1.3.1] AndroidManifest.xml:29:13-31:52
224                android:name="androidx.profileinstaller.ProfileInstallerInitializer"
224-->[androidx.profileinstaller:profileinstaller:1.3.1] AndroidManifest.xml:30:17-85
225                android:value="androidx.startup" />
225-->[androidx.profileinstaller:profileinstaller:1.3.1] AndroidManifest.xml:31:17-49
226        </provider>
227
228        <receiver
228-->[androidx.profileinstaller:profileinstaller:1.3.1] AndroidManifest.xml:34:9-52:20
229            android:name="androidx.profileinstaller.ProfileInstallReceiver"
229-->[androidx.profileinstaller:profileinstaller:1.3.1] AndroidManifest.xml:35:13-76
230            android:directBootAware="false"
230-->[androidx.profileinstaller:profileinstaller:1.3.1] AndroidManifest.xml:36:13-44
231            android:enabled="true"
231-->[androidx.profileinstaller:profileinstaller:1.3.1] AndroidManifest.xml:37:13-35
232            android:exported="true"
232-->[androidx.profileinstaller:profileinstaller:1.3.1] AndroidManifest.xml:38:13-36
233            android:permission="android.permission.DUMP" >
233-->[androidx.profileinstaller:profileinstaller:1.3.1] AndroidManifest.xml:39:13-57
234            <intent-filter>
234-->[androidx.profileinstaller:profileinstaller:1.3.1] AndroidManifest.xml:40:13-42:29
235                <action android:name="androidx.profileinstaller.action.INSTALL_PROFILE" />
235-->[androidx.profileinstaller:profileinstaller:1.3.1] AndroidManifest.xml:41:17-91
235-->[androidx.profileinstaller:profileinstaller:1.3.1] AndroidManifest.xml:41:25-88
236            </intent-filter>
237            <intent-filter>
237-->[androidx.profileinstaller:profileinstaller:1.3.1] AndroidManifest.xml:43:13-45:29
238                <action android:name="androidx.profileinstaller.action.SKIP_FILE" />
238-->[androidx.profileinstaller:profileinstaller:1.3.1] AndroidManifest.xml:44:17-85
238-->[androidx.profileinstaller:profileinstaller:1.3.1] AndroidManifest.xml:44:25-82
239            </intent-filter>
240            <intent-filter>
240-->[androidx.profileinstaller:profileinstaller:1.3.1] AndroidManifest.xml:46:13-48:29
241                <action android:name="androidx.profileinstaller.action.SAVE_PROFILE" />
241-->[androidx.profileinstaller:profileinstaller:1.3.1] AndroidManifest.xml:47:17-88
241-->[androidx.profileinstaller:profileinstaller:1.3.1] AndroidManifest.xml:47:25-85
242            </intent-filter>
243            <intent-filter>
243-->[androidx.profileinstaller:profileinstaller:1.3.1] AndroidManifest.xml:49:13-51:29
244                <action android:name="androidx.profileinstaller.action.BENCHMARK_OPERATION" />
244-->[androidx.profileinstaller:profileinstaller:1.3.1] AndroidManifest.xml:50:17-95
244-->[androidx.profileinstaller:profileinstaller:1.3.1] AndroidManifest.xml:50:25-92
245            </intent-filter>
246        </receiver>
247    </application>
248
249</manifest>